2017-04-19 4:02:32 - PHP Notice:  Error: Could not load template /var/www/html/catalog/view/theme/default/template/common/footerbottom.tpl! in /var/www/html/system/library/template/php.php on line 23
2017-04-20 8:52:25 - PHP Notice:  Undefined index: category_id in /var/www/html/catalog/view/theme/OPC080196_2/template/product/category.tpl on line 7
2017-04-20 8:52:25 - PHP Notice:  Undefined variable: category_id in /var/www/html/catalog/view/theme/OPC080196_2/template/product/category.tpl on line 7
2017-04-20 8:52:25 - PHP Notice:  Undefined index: children in /var/www/html/catalog/view/theme/OPC080196_2/template/product/category.tpl on line 12
2017-04-20 8:52:25 - PHP Notice:  Undefined index: category_id in /var/www/html/catalog/view/theme/OPC080196_2/template/product/category.tpl on line 7
2017-04-20 8:52:25 - PHP Notice:  Undefined variable: category_id in /var/www/html/catalog/view/theme/OPC080196_2/template/product/category.tpl on line 7
2017-04-20 8:52:25 - PHP Notice:  Undefined index: children in /var/www/html/catalog/view/theme/OPC080196_2/template/product/category.tpl on line 12
2017-04-20 8:53:16 - PHP Notice:  Undefined variable: class in /var/www/html/catalog/view/theme/OPC080196_2/template/product/category.tpl on line 4
2017-04-20 8:58:23 - PHP Notice:  Undefined variable: class in /var/www/html/catalog/view/theme/OPC080196_2/template/product/category.tpl on line 4
2017-04-20 9:03:28 - PHP Notice:  Undefined variable: class in /var/www/html/catalog/view/theme/OPC080196_2/template/product/category.tpl on line 4
2017-04-20 9:07:23 - PHP Notice:  Undefined variable: class in /var/www/html/catalog/view/theme/OPC080196_2/template/product/category.tpl on line 4
2017-04-20 9:07:50 - PHP Notice:  Undefined variable: class in /var/www/html/catalog/view/theme/OPC080196_2/template/product/category.tpl on line 4
2017-04-20 9:08:21 - PHP Notice:  Undefined variable: class in /var/www/html/catalog/view/theme/OPC080196_2/template/product/category.tpl on line 4
2017-04-20 9:09:21 - PHP Notice:  Undefined variable: class in /var/www/html/catalog/view/theme/OPC080196_2/template/product/category.tpl on line 4
2017-04-20 9:10:21 - PHP Notice:  Undefined variable: class in /var/www/html/catalog/view/theme/OPC080196_2/template/product/category.tpl on line 4
2017-04-20 9:11:31 - PHP Notice:  Undefined variable: class in /var/www/html/catalog/view/theme/OPC080196_2/template/product/category.tpl on line 4
2017-04-20 9:12:40 - PHP Notice:  Undefined variable: class in /var/www/html/catalog/view/theme/OPC080196_2/template/product/category.tpl on line 4
2017-04-20 9:12:41 - PHP Notice:  Undefined variable: class in /var/www/html/catalog/view/theme/OPC080196_2/template/product/category.tpl on line 4
2017-04-20 9:12:45 - PHP Notice:  Undefined variable: class in /var/www/html/catalog/view/theme/OPC080196_2/template/product/category.tpl on line 4
2017-04-20 9:12:49 - PHP Notice:  Undefined variable: class in /var/www/html/catalog/view/theme/OPC080196_2/template/product/category.tpl on line 4
2017-04-20 9:12:54 - PHP Notice:  Undefined variable: class in /var/www/html/catalog/view/theme/OPC080196_2/template/product/category.tpl on line 4
2017-04-20 9:12:59 - PHP Notice:  Undefined variable: class in /var/www/html/catalog/view/theme/OPC080196_2/template/product/category.tpl on line 4
2017-04-20 9:13:04 - PHP Notice:  Undefined variable: class in /var/www/html/catalog/view/theme/OPC080196_2/template/product/category.tpl on line 4
2017-04-20 9:13:08 - PHP Notice:  Undefined variable: class in /var/www/html/catalog/view/theme/OPC080196_2/template/product/category.tpl on line 4
2017-04-20 9:13:15 - PHP Notice:  Undefined variable: class in /var/www/html/catalog/view/theme/OPC080196_2/template/product/category.tpl on line 4
2017-04-20 9:13:24 - PHP Notice:  Undefined variable: class in /var/www/html/catalog/view/theme/OPC080196_2/template/product/category.tpl on line 4
2017-04-20 9:13:34 - PHP Notice:  Undefined variable: class in /var/www/html/catalog/view/theme/OPC080196_2/template/product/category.tpl on line 4
2017-04-20 9:13:43 - PHP Notice:  Undefined variable: class in /var/www/html/catalog/view/theme/OPC080196_2/template/product/category.tpl on line 4
2017-04-20 9:14:02 - PHP Notice:  Undefined variable: class in /var/www/html/catalog/view/theme/OPC080196_2/template/product/category.tpl on line 4
2017-04-20 9:14:40 - PHP Notice:  Undefined variable: class in /var/www/html/catalog/view/theme/OPC080196_2/template/product/category.tpl on line 4
2017-04-20 9:14:49 - PHP Notice:  Undefined variable: class in /var/www/html/catalog/view/theme/OPC080196_2/template/product/category.tpl on line 4
2017-04-20 9:14:59 - PHP Notice:  Undefined variable: class in /var/www/html/catalog/view/theme/OPC080196_2/template/product/category.tpl on line 4
2017-04-20 9:15:08 - PHP Notice:  Undefined variable: class in /var/www/html/catalog/view/theme/OPC080196_2/template/product/category.tpl on line 4
2017-04-20 9:15:18 - PHP Notice:  Undefined variable: class in /var/www/html/catalog/view/theme/OPC080196_2/template/product/category.tpl on line 4
2017-04-20 9:15:27 - PHP Notice:  Undefined variable: class in /var/www/html/catalog/view/theme/OPC080196_2/template/product/category.tpl on line 4
2017-04-20 9:15:37 - PHP Notice:  Undefined variable: class in /var/www/html/catalog/view/theme/OPC080196_2/template/product/category.tpl on line 4
2017-04-20 9:15:46 - PHP Notice:  Undefined variable: class in /var/www/html/catalog/view/theme/OPC080196_2/template/product/category.tpl on line 4
2017-04-20 9:15:56 - PHP Notice:  Undefined variable: class in /var/www/html/catalog/view/theme/OPC080196_2/template/product/category.tpl on line 4
2017-04-20 9:16:05 - PHP Notice:  Undefined variable: class in /var/www/html/catalog/view/theme/OPC080196_2/template/product/category.tpl on line 4
2017-04-20 9:16:15 - PHP Notice:  Undefined variable: class in /var/www/html/catalog/view/theme/OPC080196_2/template/product/category.tpl on line 4
2017-04-20 9:16:25 - PHP Notice:  Undefined variable: class in /var/www/html/catalog/view/theme/OPC080196_2/template/product/category.tpl on line 4
2017-04-20 9:16:34 - PHP Notice:  Undefined variable: class in /var/www/html/catalog/view/theme/OPC080196_2/template/product/category.tpl on line 4
2017-04-20 9:16:44 - PHP Notice:  Undefined variable: class in /var/www/html/catalog/view/theme/OPC080196_2/template/product/category.tpl on line 4
2017-04-20 9:16:56 - PHP Notice:  Undefined variable: class in /var/www/html/catalog/view/theme/OPC080196_2/template/product/category.tpl on line 4
2017-04-20 9:17:24 - PHP Notice:  Undefined variable: class in /var/www/html/catalog/view/theme/OPC080196_2/template/product/category.tpl on line 4
2017-04-20 9:17:29 - PHP Notice:  Undefined variable: class in /var/www/html/catalog/view/theme/OPC080196_2/template/product/category.tpl on line 4
2017-04-20 9:17:40 - PHP Notice:  Undefined variable: class in /var/www/html/catalog/view/theme/OPC080196_2/template/product/category.tpl on line 4
2017-04-20 9:17:44 - PHP Notice:  Undefined variable: class in /var/www/html/catalog/view/theme/OPC080196_2/template/product/category.tpl on line 4
2017-04-20 9:17:45 - PHP Notice:  Undefined variable: class in /var/www/html/catalog/view/theme/OPC080196_2/template/product/category.tpl on line 4
2017-04-20 9:17:47 - PHP Notice:  Undefined variable: class in /var/www/html/catalog/view/theme/OPC080196_2/template/product/category.tpl on line 4
2017-04-20 9:17:49 - PHP Notice:  Undefined variable: class in /var/www/html/catalog/view/theme/OPC080196_2/template/product/category.tpl on line 4
2017-04-20 9:17:51 - PHP Notice:  Undefined variable: class in /var/www/html/catalog/view/theme/OPC080196_2/template/product/category.tpl on line 4
2017-04-20 9:17:53 - PHP Notice:  Undefined variable: class in /var/www/html/catalog/view/theme/OPC080196_2/template/product/category.tpl on line 4
2017-04-20 9:17:55 - PHP Notice:  Undefined variable: class in /var/www/html/catalog/view/theme/OPC080196_2/template/product/category.tpl on line 4
2017-04-20 9:17:57 - PHP Notice:  Undefined variable: class in /var/www/html/catalog/view/theme/OPC080196_2/template/product/category.tpl on line 4
2017-04-20 9:17:59 - PHP Notice:  Undefined variable: class in /var/www/html/catalog/view/theme/OPC080196_2/template/product/category.tpl on line 4
2017-04-20 9:18:01 - PHP Notice:  Undefined variable: class in /var/www/html/catalog/view/theme/OPC080196_2/template/product/category.tpl on line 4
2017-04-20 9:18:06 - PHP Notice:  Undefined variable: class in /var/www/html/catalog/view/theme/OPC080196_2/template/product/category.tpl on line 4
2017-04-20 9:18:10 - PHP Notice:  Undefined variable: class in /var/www/html/catalog/view/theme/OPC080196_2/template/product/category.tpl on line 4
2017-04-20 9:18:12 - PHP Notice:  Undefined variable: class in /var/www/html/catalog/view/theme/OPC080196_2/template/product/category.tpl on line 4
2017-04-20 9:18:15 - PHP Notice:  Undefined variable: class in /var/www/html/catalog/view/theme/OPC080196_2/template/product/category.tpl on line 4
2017-04-20 9:18:19 - PHP Notice:  Undefined variable: class in /var/www/html/catalog/view/theme/OPC080196_2/template/product/category.tpl on line 4
2017-04-20 9:18:21 - PHP Notice:  Undefined variable: class in /var/www/html/catalog/view/theme/OPC080196_2/template/product/category.tpl on line 4
2017-04-20 9:18:23 - PHP Notice:  Undefined variable: class in /var/www/html/catalog/view/theme/OPC080196_2/template/product/category.tpl on line 4
2017-04-20 9:18:28 - PHP Notice:  Undefined variable: class in /var/www/html/catalog/view/theme/OPC080196_2/template/product/category.tpl on line 4
2017-04-20 9:18:32 - PHP Notice:  Undefined variable: class in /var/www/html/catalog/view/theme/OPC080196_2/template/product/category.tpl on line 4
2017-04-20 9:18:36 - PHP Notice:  Undefined variable: class in /var/www/html/catalog/view/theme/OPC080196_2/template/product/category.tpl on line 4
2017-04-20 9:18:38 - PHP Notice:  Undefined variable: class in /var/www/html/catalog/view/theme/OPC080196_2/template/product/category.tpl on line 4
2017-04-20 9:18:42 - PHP Notice:  Undefined variable: class in /var/www/html/catalog/view/theme/OPC080196_2/template/product/category.tpl on line 4
2017-04-20 9:18:45 - PHP Notice:  Undefined variable: class in /var/www/html/catalog/view/theme/OPC080196_2/template/product/category.tpl on line 4
2017-04-20 9:18:47 - PHP Notice:  Undefined variable: class in /var/www/html/catalog/view/theme/OPC080196_2/template/product/category.tpl on line 4
2017-04-20 9:18:51 - PHP Notice:  Undefined variable: class in /var/www/html/catalog/view/theme/OPC080196_2/template/product/category.tpl on line 4
2017-04-20 9:19:00 - PHP Notice:  Undefined variable: class in /var/www/html/catalog/view/theme/OPC080196_2/template/product/category.tpl on line 4
2017-04-20 9:19:02 - PHP Notice:  Undefined variable: class in /var/www/html/catalog/view/theme/OPC080196_2/template/product/category.tpl on line 4
2017-04-20 9:19:04 - PHP Notice:  Undefined variable: class in /var/www/html/catalog/view/theme/OPC080196_2/template/product/category.tpl on line 4
2017-04-20 9:19:08 - PHP Notice:  Undefined variable: class in /var/www/html/catalog/view/theme/OPC080196_2/template/product/category.tpl on line 4
2017-04-20 9:19:10 - PHP Notice:  Undefined variable: class in /var/www/html/catalog/view/theme/OPC080196_2/template/product/category.tpl on line 4
2017-04-20 9:19:11 - PHP Notice:  Undefined variable: class in /var/www/html/catalog/view/theme/OPC080196_2/template/product/category.tpl on line 4
2017-04-20 9:19:15 - PHP Notice:  Undefined variable: class in /var/www/html/catalog/view/theme/OPC080196_2/template/product/category.tpl on line 4
2017-04-20 9:19:17 - PHP Notice:  Undefined variable: class in /var/www/html/catalog/view/theme/OPC080196_2/template/product/category.tpl on line 4
2017-04-20 9:19:23 - PHP Notice:  Undefined variable: class in /var/www/html/catalog/view/theme/OPC080196_2/template/product/category.tpl on line 4
2017-04-20 9:19:24 - PHP Notice:  Undefined variable: class in /var/www/html/catalog/view/theme/OPC080196_2/template/product/category.tpl on line 4
2017-04-20 9:19:26 - PHP Notice:  Undefined variable: class in /var/www/html/catalog/view/theme/OPC080196_2/template/product/category.tpl on line 4
2017-04-20 9:19:28 - PHP Notice:  Undefined variable: class in /var/www/html/catalog/view/theme/OPC080196_2/template/product/category.tpl on line 4
2017-04-20 9:19:32 - PHP Notice:  Undefined variable: class in /var/www/html/catalog/view/theme/OPC080196_2/template/product/category.tpl on line 4
2017-04-20 9:19:34 - PHP Notice:  Undefined variable: class in /var/www/html/catalog/view/theme/OPC080196_2/template/product/category.tpl on line 4
2017-04-20 9:19:36 - PHP Notice:  Undefined variable: class in /var/www/html/catalog/view/theme/OPC080196_2/template/product/category.tpl on line 4
2017-04-20 9:19:39 - PHP Notice:  Undefined variable: class in /var/www/html/catalog/view/theme/OPC080196_2/template/product/category.tpl on line 4
2017-04-20 9:19:41 - PHP Notice:  Undefined variable: class in /var/www/html/catalog/view/theme/OPC080196_2/template/product/category.tpl on line 4
2017-04-20 9:19:47 - PHP Notice:  Undefined variable: class in /var/www/html/catalog/view/theme/OPC080196_2/template/product/category.tpl on line 4
2017-04-20 9:19:49 - PHP Notice:  Undefined variable: class in /var/www/html/catalog/view/theme/OPC080196_2/template/product/category.tpl on line 4
2017-04-20 9:19:51 - PHP Notice:  Undefined variable: class in /var/www/html/catalog/view/theme/OPC080196_2/template/product/category.tpl on line 4
2017-04-20 9:19:52 - PHP Notice:  Undefined variable: class in /var/www/html/catalog/view/theme/OPC080196_2/template/product/category.tpl on line 4
2017-04-20 9:19:58 - PHP Notice:  Undefined variable: class in /var/www/html/catalog/view/theme/OPC080196_2/template/product/category.tpl on line 4
2017-04-20 9:20:00 - PHP Notice:  Undefined variable: class in /var/www/html/catalog/view/theme/OPC080196_2/template/product/category.tpl on line 4
2017-04-20 9:20:05 - PHP Notice:  Undefined variable: class in /var/www/html/catalog/view/theme/OPC080196_2/template/product/category.tpl on line 4
2017-04-20 9:20:07 - PHP Notice:  Undefined variable: class in /var/www/html/catalog/view/theme/OPC080196_2/template/product/category.tpl on line 4
2017-04-20 9:20:09 - PHP Notice:  Undefined variable: class in /var/www/html/catalog/view/theme/OPC080196_2/template/product/category.tpl on line 4
2017-04-20 9:20:11 - PHP Notice:  Undefined variable: class in /var/www/html/catalog/view/theme/OPC080196_2/template/product/category.tpl on line 4
2017-04-20 9:20:15 - PHP Notice:  Undefined variable: class in /var/www/html/catalog/view/theme/OPC080196_2/template/product/category.tpl on line 4
2017-04-20 9:20:17 - PHP Notice:  Undefined variable: class in /var/www/html/catalog/view/theme/OPC080196_2/template/product/category.tpl on line 4
2017-04-20 9:20:19 - PHP Notice:  Undefined variable: class in /var/www/html/catalog/view/theme/OPC080196_2/template/product/category.tpl on line 4
2017-04-20 9:20:22 - PHP Notice:  Undefined variable: class in /var/www/html/catalog/view/theme/OPC080196_2/template/product/category.tpl on line 4
2017-04-20 9:20:24 - PHP Notice:  Undefined variable: class in /var/www/html/catalog/view/theme/OPC080196_2/template/product/category.tpl on line 4
2017-04-20 9:20:30 - PHP Notice:  Undefined variable: class in /var/www/html/catalog/view/theme/OPC080196_2/template/product/category.tpl on line 4
2017-04-20 9:20:32 - PHP Notice:  Undefined variable: class in /var/www/html/catalog/view/theme/OPC080196_2/template/product/category.tpl on line 4
2017-04-20 9:20:35 - PHP Notice:  Undefined variable: class in /var/www/html/catalog/view/theme/OPC080196_2/template/product/category.tpl on line 4
2017-04-20 9:20:37 - PHP Notice:  Undefined variable: class in /var/www/html/catalog/view/theme/OPC080196_2/template/product/category.tpl on line 4
2017-04-20 9:20:41 - PHP Notice:  Undefined variable: class in /var/www/html/catalog/view/theme/OPC080196_2/template/product/category.tpl on line 4
2017-04-20 9:20:43 - PHP Notice:  Undefined variable: class in /var/www/html/catalog/view/theme/OPC080196_2/template/product/category.tpl on line 4
2017-04-20 9:20:45 - PHP Notice:  Undefined variable: class in /var/www/html/catalog/view/theme/OPC080196_2/template/product/category.tpl on line 4
2017-04-20 9:20:47 - PHP Notice:  Undefined variable: class in /var/www/html/catalog/view/theme/OPC080196_2/template/product/category.tpl on line 4
2017-04-20 9:20:54 - PHP Notice:  Undefined variable: class in /var/www/html/catalog/view/theme/OPC080196_2/template/product/category.tpl on line 4
2017-04-20 9:20:56 - PHP Notice:  Undefined variable: class in /var/www/html/catalog/view/theme/OPC080196_2/template/product/category.tpl on line 4
2017-04-20 9:20:58 - PHP Notice:  Undefined variable: class in /var/www/html/catalog/view/theme/OPC080196_2/template/product/category.tpl on line 4
2017-04-20 9:21:00 - PHP Notice:  Undefined variable: class in /var/www/html/catalog/view/theme/OPC080196_2/template/product/category.tpl on line 4
2017-04-20 9:21:01 - PHP Notice:  Undefined variable: class in /var/www/html/catalog/view/theme/OPC080196_2/template/product/category.tpl on line 4
2017-04-20 9:21:03 - PHP Notice:  Undefined variable: class in /var/www/html/catalog/view/theme/OPC080196_2/template/product/category.tpl on line 4
2017-04-20 9:21:05 - PHP Notice:  Undefined variable: class in /var/www/html/catalog/view/theme/OPC080196_2/template/product/category.tpl on line 4
2017-04-20 9:21:07 - PHP Notice:  Undefined variable: class in /var/www/html/catalog/view/theme/OPC080196_2/template/product/category.tpl on line 4
2017-04-20 9:21:20 - PHP Notice:  Undefined variable: class in /var/www/html/catalog/view/theme/OPC080196_2/template/product/category.tpl on line 4
2017-04-20 9:21:22 - PHP Notice:  Undefined variable: class in /var/www/html/catalog/view/theme/OPC080196_2/template/product/category.tpl on line 4
2017-04-20 9:21:24 - PHP Notice:  Undefined variable: class in /var/www/html/catalog/view/theme/OPC080196_2/template/product/category.tpl on line 4
2017-04-20 9:21:26 - PHP Notice:  Undefined variable: class in /var/www/html/catalog/view/theme/OPC080196_2/template/product/category.tpl on line 4
2017-04-20 9:21:28 - PHP Notice:  Undefined variable: class in /var/www/html/catalog/view/theme/OPC080196_2/template/product/category.tpl on line 4
2017-04-20 9:21:29 - PHP Notice:  Undefined variable: class in /var/www/html/catalog/view/theme/OPC080196_2/template/product/category.tpl on line 4
2017-04-20 9:21:33 - PHP Notice:  Undefined variable: class in /var/www/html/catalog/view/theme/OPC080196_2/template/product/category.tpl on line 4
2017-04-20 9:21:35 - PHP Notice:  Undefined variable: class in /var/www/html/catalog/view/theme/OPC080196_2/template/product/category.tpl on line 4
2017-04-20 9:21:39 - PHP Notice:  Undefined variable: class in /var/www/html/catalog/view/theme/OPC080196_2/template/product/category.tpl on line 4
2017-04-20 9:21:41 - PHP Notice:  Undefined variable: class in /var/www/html/catalog/view/theme/OPC080196_2/template/product/category.tpl on line 4
2017-04-20 9:21:43 - PHP Notice:  Undefined variable: class in /var/www/html/catalog/view/theme/OPC080196_2/template/product/category.tpl on line 4
2017-04-20 9:21:46 - PHP Notice:  Undefined variable: class in /var/www/html/catalog/view/theme/OPC080196_2/template/product/category.tpl on line 4
2017-04-20 9:21:48 - PHP Notice:  Undefined variable: class in /var/www/html/catalog/view/theme/OPC080196_2/template/product/category.tpl on line 4
2017-04-20 9:21:50 - PHP Notice:  Undefined variable: class in /var/www/html/catalog/view/theme/OPC080196_2/template/product/category.tpl on line 4
2017-04-20 9:21:52 - PHP Notice:  Undefined variable: class in /var/www/html/catalog/view/theme/OPC080196_2/template/product/category.tpl on line 4
2017-04-20 9:21:58 - PHP Notice:  Undefined variable: class in /var/www/html/catalog/view/theme/OPC080196_2/template/product/category.tpl on line 4
2017-04-20 9:22:56 - PHP Notice:  Undefined variable: class in /var/www/html/catalog/view/theme/OPC080196_2/template/product/category.tpl on line 4
2017-04-20 9:23:01 - PHP Notice:  Undefined variable: class in /var/www/html/catalog/view/theme/OPC080196_2/template/product/category.tpl on line 4
2017-04-20 9:23:16 - PHP Notice:  Undefined variable: class in /var/www/html/catalog/view/theme/OPC080196_2/template/product/category.tpl on line 4
2017-04-20 9:23:27 - PHP Notice:  Undefined variable: class in /var/www/html/catalog/view/theme/OPC080196_2/template/product/category.tpl on line 4
2017-04-20 9:23:29 - PHP Notice:  Undefined variable: class in /var/www/html/catalog/view/theme/OPC080196_2/template/product/category.tpl on line 4
2017-04-20 9:23:30 - PHP Notice:  Undefined variable: class in /var/www/html/catalog/view/theme/OPC080196_2/template/product/category.tpl on line 4
2017-04-20 9:23:36 - PHP Notice:  Undefined variable: class in /var/www/html/catalog/view/theme/OPC080196_2/template/product/category.tpl on line 4
2017-04-20 9:23:43 - PHP Notice:  Undefined variable: class in /var/www/html/catalog/view/theme/OPC080196_2/template/product/category.tpl on line 4
2017-04-20 9:23:45 - PHP Notice:  Undefined variable: class in /var/www/html/catalog/view/theme/OPC080196_2/template/product/category.tpl on line 4
2017-04-20 9:23:56 - PHP Notice:  Undefined variable: class in /var/www/html/catalog/view/theme/OPC080196_2/template/product/category.tpl on line 4
2017-04-20 9:24:00 - PHP Notice:  Undefined variable: class in /var/www/html/catalog/view/theme/OPC080196_2/template/product/category.tpl on line 4
2017-04-20 9:24:02 - PHP Notice:  Undefined variable: class in /var/www/html/catalog/view/theme/OPC080196_2/template/product/category.tpl on line 4
2017-04-20 9:24:04 - PHP Notice:  Undefined variable: class in /var/www/html/catalog/view/theme/OPC080196_2/template/product/category.tpl on line 4
2017-04-20 9:24:21 - PHP Notice:  Undefined variable: class in /var/www/html/catalog/view/theme/OPC080196_2/template/product/category.tpl on line 4
2017-04-20 9:24:23 - PHP Notice:  Undefined variable: class in /var/www/html/catalog/view/theme/OPC080196_2/template/product/category.tpl on line 4
2017-04-20 9:24:25 - PHP Notice:  Undefined variable: class in /var/www/html/catalog/view/theme/OPC080196_2/template/product/category.tpl on line 4
2017-04-20 9:24:32 - PHP Notice:  Undefined variable: class in /var/www/html/catalog/view/theme/OPC080196_2/template/product/category.tpl on line 4
2017-04-20 9:24:51 - PHP Notice:  Undefined variable: class in /var/www/html/catalog/view/theme/OPC080196_2/template/product/category.tpl on line 4
2017-04-20 9:24:53 - PHP Notice:  Undefined variable: class in /var/www/html/catalog/view/theme/OPC080196_2/template/product/category.tpl on line 4
2017-04-20 9:25:00 - PHP Notice:  Undefined variable: class in /var/www/html/catalog/view/theme/OPC080196_2/template/product/category.tpl on line 4
2017-04-20 9:25:02 - PHP Notice:  Undefined variable: class in /var/www/html/catalog/view/theme/OPC080196_2/template/product/category.tpl on line 4
2017-04-20 9:25:04 - PHP Notice:  Undefined variable: class in /var/www/html/catalog/view/theme/OPC080196_2/template/product/category.tpl on line 4
2017-04-20 9:25:08 - PHP Notice:  Undefined variable: class in /var/www/html/catalog/view/theme/OPC080196_2/template/product/category.tpl on line 4
2017-04-20 9:25:19 - PHP Notice:  Undefined variable: class in /var/www/html/catalog/view/theme/OPC080196_2/template/product/category.tpl on line 4
2017-04-20 9:25:27 - PHP Notice:  Undefined variable: class in /var/www/html/catalog/view/theme/OPC080196_2/template/product/category.tpl on line 4
2017-04-20 9:25:36 - PHP Notice:  Undefined variable: class in /var/www/html/catalog/view/theme/OPC080196_2/template/product/category.tpl on line 4
2017-04-20 9:25:38 - PHP Notice:  Undefined variable: class in /var/www/html/catalog/view/theme/OPC080196_2/template/product/category.tpl on line 4
2017-04-20 9:25:42 - PHP Notice:  Undefined variable: class in /var/www/html/catalog/view/theme/OPC080196_2/template/product/category.tpl on line 4
2017-04-20 9:25:51 - PHP Notice:  Undefined variable: class in /var/www/html/catalog/view/theme/OPC080196_2/template/product/category.tpl on line 4
2017-04-20 9:25:55 - PHP Notice:  Undefined variable: class in /var/www/html/catalog/view/theme/OPC080196_2/template/product/category.tpl on line 4
2017-04-20 9:26:10 - PHP Notice:  Undefined variable: class in /var/www/html/catalog/view/theme/OPC080196_2/template/product/category.tpl on line 4
2017-04-20 9:26:21 - PHP Notice:  Undefined variable: class in /var/www/html/catalog/view/theme/OPC080196_2/template/product/category.tpl on line 4
2017-04-20 9:26:31 - PHP Notice:  Undefined variable: class in /var/www/html/catalog/view/theme/OPC080196_2/template/product/category.tpl on line 4
2017-04-20 9:26:40 - PHP Notice:  Undefined variable: class in /var/www/html/catalog/view/theme/OPC080196_2/template/product/category.tpl on line 4
2017-04-20 9:26:48 - PHP Notice:  Undefined variable: class in /var/www/html/catalog/view/theme/OPC080196_2/template/product/category.tpl on line 4
2017-04-20 9:26:51 - PHP Notice:  Undefined variable: class in /var/www/html/catalog/view/theme/OPC080196_2/template/product/category.tpl on line 4
2017-04-20 9:26:53 - PHP Notice:  Undefined variable: class in /var/www/html/catalog/view/theme/OPC080196_2/template/product/category.tpl on line 4
2017-04-20 9:26:55 - PHP Notice:  Undefined variable: class in /var/www/html/catalog/view/theme/OPC080196_2/template/product/category.tpl on line 4
2017-04-20 9:29:05 - PHP Notice:  Undefined variable: class in /var/www/html/catalog/view/theme/OPC080196_2/template/product/category.tpl on line 4
2017-04-20 11:11:36 - PHP Notice:  Undefined variable: class in /var/www/html/catalog/view/theme/OPC080196_2/template/product/category.tpl on line 4
2017-04-20 11:11:57 - PHP Notice:  Undefined variable: class in /var/www/html/catalog/view/theme/OPC080196_2/template/product/category.tpl on line 4
2017-04-20 11:16:45 - PHP Notice:  Undefined variable: class in /var/www/html/catalog/view/theme/OPC080196_2/template/product/category.tpl on line 4
2017-04-20 11:38:01 - PHP Notice:  Undefined variable: class in /var/www/html/catalog/view/theme/OPC080196_2/template/product/category.tpl on line 4
2017-04-20 11:38:47 - PHP Notice:  Undefined variable: class in /var/www/html/catalog/view/theme/OPC080196_2/template/product/category.tpl on line 4
2017-04-20 11:38:48 - PHP Notice:  Undefined variable: class in /var/www/html/catalog/view/theme/OPC080196_2/template/product/category.tpl on line 4
2017-04-20 11:38:51 - PHP Notice:  Undefined variable: class in /var/www/html/catalog/view/theme/OPC080196_2/template/product/category.tpl on line 4
2017-04-20 11:38:55 - PHP Notice:  Undefined variable: class in /var/www/html/catalog/view/theme/OPC080196_2/template/product/category.tpl on line 4
2017-04-20 11:39:47 - PHP Notice:  Undefined variable: class in /var/www/html/catalog/view/theme/OPC080196_2/template/product/category.tpl on line 4
2017-04-20 11:39:51 - PHP Notice:  Undefined variable: class in /var/www/html/catalog/view/theme/OPC080196_2/template/product/category.tpl on line 4
2017-04-20 11:40:09 - PHP Notice:  Undefined variable: class in /var/www/html/catalog/view/theme/OPC080196_2/template/product/category.tpl on line 4
2017-04-20 11:40:12 - PHP Notice:  Undefined variable: class in /var/www/html/catalog/view/theme/OPC080196_2/template/product/category.tpl on line 4
2017-04-20 11:40:15 - PHP Notice:  Undefined variable: class in /var/www/html/catalog/view/theme/OPC080196_2/template/product/category.tpl on line 4
2017-04-20 11:40:17 - PHP Notice:  Undefined variable: class in /var/www/html/catalog/view/theme/OPC080196_2/template/product/category.tpl on line 4
2017-04-20 12:00:31 - PHP Notice:  Undefined variable: class in /var/www/html/catalog/view/theme/OPC080196_2/template/product/category.tpl on line 4
2017-04-20 12:01:02 - PHP Notice:  Undefined variable: class in /var/www/html/catalog/view/theme/OPC080196_2/template/product/category.tpl on line 4
2017-04-20 16:26:16 - PHP Notice:  Undefined variable: class in /var/www/html/catalog/view/theme/OPC080196_2/template/product/category.tpl on line 4
2017-04-20 16:26:18 - PHP Notice:  Undefined variable: class in /var/www/html/catalog/view/theme/OPC080196_2/template/product/category.tpl on line 4
2017-04-20 18:20:44 - PHP Notice:  Undefined variable: class in /var/www/html/catalog/view/theme/OPC080196_2/template/product/category.tpl on line 4
2017-04-20 18:20:47 - PHP Notice:  Undefined variable: class in /var/www/html/catalog/view/theme/OPC080196_2/template/product/category.tpl on line 4
2017-04-20 19:14:02 - PHP Notice:  Undefined variable: class in /var/www/html/catalog/view/theme/OPC080196_2/template/product/category.tpl on line 4
2017-04-20 19:14:02 - PHP Notice:  Undefined variable: class in /var/www/html/catalog/view/theme/OPC080196_2/template/product/category.tpl on line 4
2017-04-20 19:14:09 - PHP Notice:  Undefined variable: class in /var/www/html/catalog/view/theme/OPC080196_2/template/product/category.tpl on line 4
2017-04-21 5:27:11 - PHP Notice:  Undefined variable: class in /var/www/html/catalog/view/theme/OPC080196_2/template/product/category.tpl on line 4
2017-04-21 12:36:36 - PHP Notice:  Undefined variable: class in /var/www/html/catalog/view/theme/OPC080196_2/template/product/category.tpl on line 4
